<?xml version="1.0" encoding="UTF-8"?>
<testsuite name="com.snaptechnology.bgonzalez.ServerApplicationTests" tests="1" skipped="0" failures="0" errors="0" timestamp="2016-11-18T19:31:54" hostname="Desktop-0148" time="0.039">
  <properties/>
  <testcase name="contextLoads" classname="com.snaptechnology.bgonzalez.ServerApplicationTests" time="0.039"/>
  <system-out><![CDATA[13:31:39.674 [Test worker] DEBUG org.springframework.test.context.junit4.SpringJUnit4ClassRunner - SpringJUnit4ClassRunner constructor called with [class com.snaptechnology.bgonzalez.ServerApplicationTests]
13:31:39.687 [Test worker] DEBUG org.springframework.test.context.BootstrapUtils - Instantiating CacheAwareContextLoaderDelegate from class [org.springframework.test.context.cache.DefaultCacheAwareContextLoaderDelegate]
13:31:39.717 [Test worker] DEBUG org.springframework.test.context.BootstrapUtils - Instantiating BootstrapContext using constructor [public org.springframework.test.context.support.DefaultBootstrapContext(java.lang.Class,org.springframework.test.context.CacheAwareContextLoaderDelegate)]
13:31:39.756 [Test worker] DEBUG org.springframework.test.context.BootstrapUtils - Instantiating TestContextBootstrapper for test class [com.snaptechnology.bgonzalez.ServerApplicationTests] from class [org.springframework.boot.test.context.SpringBootTestContextBootstrapper]
13:31:39.794 [Test worker] INFO org.springframework.boot.test.context.SpringBootTestContextBootstrapper - Neither @ContextConfiguration nor @ContextHierarchy found for test class [com.snaptechnology.bgonzalez.ServerApplicationTests], using SpringBootContextLoader
13:31:39.803 [Test worker] DEBUG org.springframework.test.context.support.AbstractContextLoader - Did not detect default resource location for test class [com.snaptechnology.bgonzalez.ServerApplicationTests]: class path resource [com/snaptechnology/bgonzalez/ServerApplicationTests-context.xml] does not exist
13:31:39.804 [Test worker] DEBUG org.springframework.test.context.support.AbstractContextLoader - Did not detect default resource location for test class [com.snaptechnology.bgonzalez.ServerApplicationTests]: class path resource [com/snaptechnology/bgonzalez/ServerApplicationTestsContext.groovy] does not exist
13:31:39.805 [Test worker] INFO org.springframework.test.context.support.AbstractContextLoader - Could not detect default resource locations for test class [com.snaptechnology.bgonzalez.ServerApplicationTests]: no resource found for suffixes {-context.xml, Context.groovy}.
13:31:39.807 [Test worker] INFO org.springframework.test.context.support.AnnotationConfigContextLoaderUtils - Could not detect default configuration classes for test class [com.snaptechnology.bgonzalez.ServerApplicationTests]: ServerApplicationTests does not declare any static, non-private, non-final, nested classes annotated with @Configuration.
13:31:39.904 [Test worker] DEBUG org.springframework.test.context.support.ActiveProfilesUtils - Could not find an 'annotation declaring class' for annotation type [org.springframework.test.context.ActiveProfiles] and class [com.snaptechnology.bgonzalez.ServerApplicationTests]
13:31:39.994 [Test worker] DEBUG org.springframework.core.env.StandardEnvironment - Adding [systemProperties] PropertySource with lowest search precedence
13:31:39.995 [Test worker] DEBUG org.springframework.core.env.StandardEnvironment - Adding [systemEnvironment] PropertySource with lowest search precedence
13:31:39.996 [Test worker] DEBUG org.springframework.core.env.StandardEnvironment - Initialized StandardEnvironment with PropertySources [systemProperties,systemEnvironment]
13:31:40.018 [Test worker] DEBUG org.springframework.core.io.support.PathMatchingResourcePatternResolver - Resolved classpath location [com/snaptechnology/bgonzalez/] to resources [URL [file:/C:/Users/bgonzalez/Documents/Proyecto%20BookMyRoom/book-my-room/server/build/classes/test/com/snaptechnology/bgonzalez/], URL [file:/C:/Users/bgonzalez/Documents/Proyecto%20BookMyRoom/book-my-room/server/build/classes/main/com/snaptechnology/bgonzalez/]]
13:31:40.025 [Test worker] DEBUG org.springframework.core.io.support.PathMatchingResourcePatternResolver - Looking for matching resources in directory tree [C:\Users\bgonzalez\Documents\Proyecto BookMyRoom\book-my-room\server\build\classes\test\com\snaptechnology\bgonzalez]
13:31:40.026 [Test worker] DEBUG org.springframework.core.io.support.PathMatchingResourcePatternResolver - Searching directory [C:\Users\bgonzalez\Documents\Proyecto BookMyRoom\book-my-room\server\build\classes\test\com\snaptechnology\bgonzalez] for files matching pattern [C:/Users/bgonzalez/Documents/Proyecto BookMyRoom/book-my-room/server/build/classes/test/com/snaptechnology/bgonzalez/*.class]
13:31:40.037 [Test worker] DEBUG org.springframework.core.io.support.PathMatchingResourcePatternResolver - Looking for matching resources in directory tree [C:\Users\bgonzalez\Documents\Proyecto BookMyRoom\book-my-room\server\build\classes\main\com\snaptechnology\bgonzalez]
13:31:40.042 [Test worker] DEBUG org.springframework.core.io.support.PathMatchingResourcePatternResolver - Searching directory [C:\Users\bgonzalez\Documents\Proyecto BookMyRoom\book-my-room\server\build\classes\main\com\snaptechnology\bgonzalez] for files matching pattern [C:/Users/bgonzalez/Documents/Proyecto BookMyRoom/book-my-room/server/build/classes/main/com/snaptechnology/bgonzalez/*.class]
13:31:40.049 [Test worker] DEBUG org.springframework.core.io.support.PathMatchingResourcePatternResolver - Resolved location pattern [classpath*:com/snaptechnology/bgonzalez/*.class] to resources [file [C:\Users\bgonzalez\Documents\Proyecto BookMyRoom\book-my-room\server\build\classes\test\com\snaptechnology\bgonzalez\ServerApplicationTests.class], file [C:\Users\bgonzalez\Documents\Proyecto BookMyRoom\book-my-room\server\build\classes\main\com\snaptechnology\bgonzalez\ServerApplication.class]]
13:31:40.151 [Test worker] DEBUG org.springframework.context.annotation.ClassPathScanningCandidateComponentProvider - Identified candidate component class: file [C:\Users\bgonzalez\Documents\Proyecto BookMyRoom\book-my-room\server\build\classes\main\com\snaptechnology\bgonzalez\ServerApplication.class]
13:31:40.154 [Test worker] INFO org.springframework.boot.test.context.SpringBootTestContextBootstrapper - Found @SpringBootConfiguration com.snaptechnology.bgonzalez.ServerApplication for test class com.snaptechnology.bgonzalez.ServerApplicationTests
13:31:40.168 [Test worker] DEBUG org.springframework.boot.test.context.SpringBootTestContextBootstrapper - @TestExecutionListeners is not present for class [com.snaptechnology.bgonzalez.ServerApplicationTests]: using defaults.
13:31:40.175 [Test worker] INFO org.springframework.boot.test.context.SpringBootTestContextBootstrapper - Loaded default TestExecutionListener class names from location [META-INF/spring.factories]: [org.springframework.boot.test.mock.mockito.MockitoTestExecutionListener, org.springframework.boot.test.mock.mockito.ResetMocksTestExecutionListener, org.springframework.boot.test.autoconfigure.AutoConfigureReportTestExecutionListener, org.springframework.boot.test.autoconfigure.restdocs.RestDocsTestExecutionListener, org.springframework.boot.test.autoconfigure.web.client.MockRestServiceServerResetTestExecutionListener, org.springframework.test.context.web.ServletTestExecutionListener, org.springframework.test.context.support.DirtiesContextBeforeModesTestExecutionListener, org.springframework.test.context.support.DependencyInjectionTestExecutionListener, org.springframework.test.context.support.DirtiesContextTestExecutionListener, org.springframework.test.context.transaction.TransactionalTestExecutionListener, org.springframework.test.context.jdbc.SqlScriptsTestExecutionListener]
13:31:40.210 [Test worker] INFO org.springframework.boot.test.context.SpringBootTestContextBootstrapper - Using TestExecutionListeners: [org.springframework.test.context.web.ServletTestExecutionListener@2390c656, org.springframework.test.context.support.DirtiesContextBeforeModesTestExecutionListener@7df525ee, org.springframework.boot.test.autoconfigure.AutoConfigureReportTestExecutionListener@1533dd31, org.springframework.test.context.support.DependencyInjectionTestExecutionListener@1e8c8497, org.springframework.test.context.support.DirtiesContextTestExecutionListener@3b8b5366, org.springframework.test.context.transaction.TransactionalTestExecutionListener@6f85cbac, org.springframework.test.context.jdbc.SqlScriptsTestExecutionListener@64544938, org.springframework.boot.test.mock.mockito.ResetMocksTestExecutionListener@1e86d119, org.springframework.boot.test.autoconfigure.web.client.MockRestServiceServerResetTestExecutionListener@7f77a1cc, org.springframework.boot.test.mock.mockito.MockitoTestExecutionListener@3eeecd25, org.springframework.boot.test.autoconfigure.restdocs.RestDocsTestExecutionListener@78354e49]
13:31:40.218 [Test worker] DEBUG org.springframework.test.annotation.ProfileValueUtils - Retrieved @ProfileValueSourceConfiguration [null] for test class [com.snaptechnology.bgonzalez.ServerApplicationTests]
13:31:40.220 [Test worker] DEBUG org.springframework.test.annotation.ProfileValueUtils - Retrieved ProfileValueSource type [class org.springframework.test.annotation.SystemProfileValueSource] for class [com.snaptechnology.bgonzalez.ServerApplicationTests]
13:31:40.221 [Test worker] DEBUG org.springframework.test.annotation.ProfileValueUtils - Retrieved @ProfileValueSourceConfiguration [null] for test class [com.snaptechnology.bgonzalez.ServerApplicationTests]
13:31:40.223 [Test worker] DEBUG org.springframework.test.annotation.ProfileValueUtils - Retrieved ProfileValueSource type [class org.springframework.test.annotation.SystemProfileValueSource] for class [com.snaptechnology.bgonzalez.ServerApplicationTests]
13:31:40.233 [Test worker] DEBUG org.springframework.test.context.support.AbstractDirtiesContextTestExecutionListener - Before test class: context [DefaultTestContext@2b139e74 testClass = ServerApplicationTests, testInstance = [null], testMethod = [null], testException = [null], mergedContextConfiguration = [WebMergedContextConfiguration@63b8e982 testClass = ServerApplicationTests, locations = '{}', classes = '{class com.snaptechnology.bgonzalez.ServerApplication}', contextInitializerClasses = '[]', activeProfiles = '{}', propertySourceLocations = '{}', propertySourceProperties = '{org.springframework.boot.test.context.SpringBootTestContextBootstrapper=true}', contextCustomizers = set[org.springframework.boot.test.context.SpringBootTestContextCustomizer@49427cf4, org.springframework.boot.test.context.filter.ExcludeFilterContextCustomizer@4fb2ee00, org.springframework.boot.test.mock.mockito.MockitoContextCustomizer@0, org.springframework.boot.test.autoconfigure.properties.PropertyMappingContextCustomizer@0], resourceBasePath = 'src/main/webapp', contextLoader = 'org.springframework.boot.test.context.SpringBootContextLoader', parent = [null]]], class annotated with @DirtiesContext [false] with mode [null].
13:31:40.235 [Test worker] DEBUG org.springframework.test.annotation.ProfileValueUtils - Retrieved @ProfileValueSourceConfiguration [null] for test class [com.snaptechnology.bgonzalez.ServerApplicationTests]
13:31:40.235 [Test worker] DEBUG org.springframework.test.annotation.ProfileValueUtils - Retrieved ProfileValueSource type [class org.springframework.test.annotation.SystemProfileValueSource] for class [com.snaptechnology.bgonzalez.ServerApplicationTests]
13:31:40.309 [Test worker] DEBUG org.springframework.core.env.StandardEnvironment - Adding [systemProperties] PropertySource with lowest search precedence
13:31:40.310 [Test worker] DEBUG org.springframework.core.env.StandardEnvironment - Adding [systemEnvironment] PropertySource with lowest search precedence
13:31:40.311 [Test worker] DEBUG org.springframework.core.env.StandardEnvironment - Initialized StandardEnvironment with PropertySources [systemProperties,systemEnvironment]
13:31:40.313 [Test worker] DEBUG org.springframework.test.context.support.TestPropertySourceUtils - Adding inlined properties to environment: {spring.jmx.enabled=false, org.springframework.boot.test.context.SpringBootTestContextBootstrapper=true, server.port=-1}
13:31:40.314 [Test worker] DEBUG org.springframework.core.env.StandardEnvironment - Adding [Inlined Test Properties] PropertySource with highest search precedence

  .   ____          _            __ _ _
 /\\ / ___'_ __ _ _(_)_ __  __ _ \ \ \ \
( ( )\___ | '_ | '_| | '_ \/ _` | \ \ \ \
 \\/  ___)| |_)| | | | | || (_| |  ) ) ) )
  '  |____| .__|_| |_|_| |_\__, | / / / /
 =========|_|==============|___/=/_/_/_/
 :: Spring Boot ::        (v1.4.0.RELEASE)

2016-11-18 13:31:41.406  INFO 11824 --- [    Test worker] c.s.bgonzalez.ServerApplicationTests     : Starting ServerApplicationTests on Desktop-0148 with PID 11824 (started by bgonzalez in C:\Users\bgonzalez\Documents\Proyecto BookMyRoom\book-my-room\server)
2016-11-18 13:31:41.408  INFO 11824 --- [    Test worker] c.s.bgonzalez.ServerApplicationTests     : No active profile set, falling back to default profiles: default
2016-11-18 13:31:41.515  INFO 11824 --- [    Test worker] o.s.w.c.s.GenericWebApplicationContext   : Refreshing org.springframework.web.context.support.GenericWebApplicationContext@2b68d2ab: startup date [Fri Nov 18 13:31:41 CST 2016]; root of context hierarchy
2016-11-18 13:31:46.032  INFO 11824 --- [    Test worker] trationDelegate$BeanPostProcessorChecker : Bean 'org.springframework.transaction.annotation.ProxyTransactionManagementConfiguration' of type [class org.springframework.transaction.annotation.ProxyTransactionManagementConfiguration$$EnhancerBySpringCGLIB$$f0ccb551] is not eligible for getting processed by all BeanPostProcessors (for example: not eligible for auto-proxying)
2016-11-18 13:31:48.307  INFO 11824 --- [    Test worker] j.LocalContainerEntityManagerFactoryBean : Building JPA container EntityManagerFactory for persistence unit 'default'
2016-11-18 13:31:48.343  INFO 11824 --- [    Test worker] o.hibernate.jpa.internal.util.LogHelper  : HHH000204: Processing PersistenceUnitInfo [
	name: default
	...]
2016-11-18 13:31:48.549  INFO 11824 --- [    Test worker] org.hibernate.Version                    : HHH000412: Hibernate Core {5.0.9.Final}
2016-11-18 13:31:48.553  INFO 11824 --- [    Test worker] org.hibernate.cfg.Environment            : HHH000206: hibernate.properties not found
2016-11-18 13:31:48.557  INFO 11824 --- [    Test worker] org.hibernate.cfg.Environment            : HHH000021: Bytecode provider name : javassist
2016-11-18 13:31:48.715  INFO 11824 --- [    Test worker] o.hibernate.annotations.common.Version   : HCANN000001: Hibernate Commons Annotations {5.0.1.Final}
2016-11-18 13:31:49.002  INFO 11824 --- [    Test worker] org.hibernate.dialect.Dialect            : HHH000400: Using dialect: org.hibernate.dialect.PostgreSQL94Dialect
2016-11-18 13:31:49.566  INFO 11824 --- [    Test worker] o.h.e.j.e.i.LobCreatorBuilderImpl        : HHH000424: Disabling contextual LOB creation as createClob() method threw error : java.lang.reflect.InvocationTargetException
2016-11-18 13:31:49.571  INFO 11824 --- [    Test worker] org.hibernate.type.BasicTypeRegistry     : HHH000270: Type registration [java.util.UUID] overrides previous : org.hibernate.type.UUIDBinaryType@438afd8a
2016-11-18 13:31:50.662  INFO 11824 --- [    Test worker] org.hibernate.tool.hbm2ddl.SchemaUpdate  : HHH000228: Running hbm2ddl schema update
2016-11-18 13:31:50.807  INFO 11824 --- [    Test worker] j.LocalContainerEntityManagerFactoryBean : Initialized JPA EntityManagerFactory for persistence unit 'default'
2016-11-18 13:31:52.792  INFO 11824 --- [    Test worker] s.w.s.m.m.a.RequestMappingHandlerAdapter : Looking for @ControllerAdvice: org.springframework.web.context.support.GenericWebApplicationContext@2b68d2ab: startup date [Fri Nov 18 13:31:41 CST 2016]; root of context hierarchy
2016-11-18 13:31:52.981  INFO 11824 --- [    Test worker] s.w.s.m.m.a.RequestMappingHandlerMapping : Mapped "{[/event/update],methods=[POST]}" onto public java.util.Map<java.lang.String, java.lang.Integer> com.snaptechnology.bgonzalez.controllers.EventController.updateEvent(com.snaptechnology.bgonzalez.model.Event)
2016-11-18 13:31:52.997  INFO 11824 --- [    Test worker] s.w.s.m.m.a.RequestMappingHandlerMapping : Mapped "{[/event/delete],methods=[POST]}" onto public java.util.Map<java.lang.String, java.lang.Integer> com.snaptechnology.bgonzalez.controllers.EventController.deleteEvent(com.snaptechnology.bgonzalez.model.Event)
2016-11-18 13:31:52.998  INFO 11824 --- [    Test worker] s.w.s.m.m.a.RequestMappingHandlerMapping : Mapped "{[/event/create],methods=[POST]}" onto public java.util.Map<java.lang.String, java.lang.Integer> com.snaptechnology.bgonzalez.controllers.EventController.createEvent(com.snaptechnology.bgonzalez.model.Event)
2016-11-18 13:31:53.000  INFO 11824 --- [    Test worker] s.w.s.m.m.a.RequestMappingHandlerMapping : Mapped "{[/event/events],methods=[POST]}" onto public java.util.List<com.snaptechnology.bgonzalez.model.Event> com.snaptechnology.bgonzalez.controllers.EventController.getEvents(com.snaptechnology.bgonzalez.model.VO.EventVO)
2016-11-18 13:31:53.002  INFO 11824 --- [    Test worker] s.w.s.m.m.a.RequestMappingHandlerMapping : Mapped "{[/location/findall]}" onto public java.util.List<com.snaptechnology.bgonzalez.model.Location> com.snaptechnology.bgonzalez.controllers.LocationController.findAll()
2016-11-18 13:31:53.006  INFO 11824 --- [    Test worker] s.w.s.m.m.a.RequestMappingHandlerMapping : Mapped "{[/error]}" onto public org.springframework.http.ResponseEntity<java.util.Map<java.lang.String, java.lang.Object>> org.springframework.boot.autoconfigure.web.BasicErrorController.error(javax.servlet.http.HttpServletRequest)
2016-11-18 13:31:53.007  INFO 11824 --- [    Test worker] s.w.s.m.m.a.RequestMappingHandlerMapping : Mapped "{[/error],produces=[text/html]}" onto public org.springframework.web.servlet.ModelAndView org.springframework.boot.autoconfigure.web.BasicErrorController.errorHtml(javax.servlet.http.HttpServletRequest,javax.servlet.http.HttpServletResponse)
2016-11-18 13:31:53.139  INFO 11824 --- [    Test worker] o.s.w.s.handler.SimpleUrlHandlerMapping  : Mapped URL path [/webjars/**] onto handler of type [class org.springframework.web.servlet.resource.ResourceHttpRequestHandler]
2016-11-18 13:31:53.141  INFO 11824 --- [    Test worker] o.s.w.s.handler.SimpleUrlHandlerMapping  : Mapped URL path [/**] onto handler of type [class org.springframework.web.servlet.resource.ResourceHttpRequestHandler]
2016-11-18 13:31:53.253  INFO 11824 --- [    Test worker] o.s.w.s.handler.SimpleUrlHandlerMapping  : Mapped URL path [/**/favicon.ico] onto handler of type [class org.springframework.web.servlet.resource.ResourceHttpRequestHandler]
2016-11-18 13:31:54.002  INFO 11824 --- [    Test worker] c.s.bgonzalez.ServerApplicationTests     : Started ServerApplicationTests in 13.667 seconds (JVM running for 15.892)
]]></system-out>
  <system-err><![CDATA[]]></system-err>
</testsuite>
